<?xml version="1.0" encoding="UTF-8"?>
<!-- Generated by org.testng.reporters.JUnitReportReporter -->
<testsuite hostname="HBPTester" failures="0" tests="1" name="TCases.Automation.BFI_Bio" time="4.918" errors="0" timestamp="2025-02-21T12:48:32 IST" skipped="0">
  <testcase classname="TCases.Automation.BFI_Bio" name="testBFIQuery" time="4.918"/>
  <system-out/>
</testsuite> <!-- TCases.Automation.BFI_Bio -->
