<?xml version="1.0" encoding="UTF-8"?>
<!-- Generated by org.testng.reporters.JUnitReportReporter -->
<testsuite hostname="HBPTester" failures="0" tests="1" name="TCases.Automation.bfii" time="33.836" errors="0" timestamp="2025-02-26T18:02:29 IST" skipped="0">
  <testcase classname="TCases.Automation.bfii" name="testMissingFiles" time="33.836"/>
  <system-out/>
</testsuite> <!-- TCases.Automation.bfii -->
