<?xml version="1.0" encoding="UTF-8"?>
<!-- Generated by org.testng.reporters.JUnitReportReporter -->
<testsuite hostname="HBPTester" failures="0" tests="1" name="TCases.Automation.PendingFilesTest" time="0.874" errors="0" timestamp="2025-02-27T13:24:34 IST" skipped="0">
  <testcase classname="TCases.Automation.PendingFilesTest" name="testPendingFiles" time="0.874"/>
  <system-out/>
</testsuite> <!-- TCases.Automation.PendingFilesTest -->
