<?xml version="1.0" encoding="UTF-8"?>
<!-- Generated by org.testng.reporters.JUnitReportReporter -->
<testsuite hostname="HBPTester" failures="0" tests="1" name="TCases.Automation.ScaningPendingFIles" time="15.318" errors="0" timestamp="2025-02-27T15:46:31 IST" skipped="0">
  <testcase classname="TCases.Automation.ScaningPendingFIles" name="testFiles" time="15.318"/>
  <system-out/>
</testsuite> <!-- TCases.Automation.ScaningPendingFIles -->
