<?xml version="1.0" encoding="UTF-8"?>
<!-- Generated by org.testng.reporters.JUnitReportReporter -->
<testsuite hostname="HBPTester" failures="0" tests="1" name="TCases.Automation.ScaningPendingFIles" time="12.595" errors="0" timestamp="2025-02-27T16:20:53 IST" skipped="0">
  <testcase classname="TCases.Automation.ScaningPendingFIles" name="testFiles" time="12.595"/>
  <system-out/>
</testsuite> <!-- TCases.Automation.ScaningPendingFIles -->
