<?xml version="1.0" encoding="UTF-8"?>
<!-- Generated by org.testng.reporters.JUnitReportReporter -->
<testsuite hostname="HBPTester" failures="0" tests="2" name="TCases.Automation.Quality" time="102.471" errors="0" timestamp="2025-02-25T16:15:55 IST" skipped="0">
  <testcase classname="TCases.Automation.Quality" name="Login" time="24.955"/>
  <system-out/>
  <testcase classname="TCases.Automation.Quality" name="table" time="77.516"/>
  <system-out/>
</testsuite> <!-- TCases.Automation.Quality -->
